Build started 6/3/2014 1:01:51 PM.
     1>Project "C:\Users\Student\Documents\GitHub\MenuFunction\MenuFunction\Menu_Function\Menu_Function.vcxproj" on node 2 (build target(s)).
     1>InitializeBuildStatus:
         Creating "Debug\Menu_Function.unsuccessfulbuild" because "AlwaysCreate" was specified.
       ClCompile:
         C:\Program Files (x86)\Microsoft Visual Studio 10.0\VC\bin\CL.exe /c /ZI /nologo /W3 /WX- /Od /Oy- /D WIN32 /D _DEBUG /D _CONSOLE /D _UNICODE /D UNICODE /Gm /EHsc /RTC1 /MDd /GS /fp:precise /Zc:wchar_t /Zc:forScope /Fo"Debug\\" /Fd"Debug\vc100.pdb" /Gd /TP /analyze- /errorReport:prompt ChoiceMenu.cpp main.cpp
         ChoiceMenu.cpp
         Generating Code...
         Skipping... (no relevant changes detected)
         main.cpp
       ManifestResourceCompile:
         All outputs are up-to-date.
       Link:
         C:\Program Files (x86)\Microsoft Visual Studio 10.0\VC\bin\link.exe /ERRORREPORT:PROMPT /OUT:"C:\Users\Student\Documents\GitHub\MenuFunction\MenuFunction\Debug\Menu_Function.exe" /INCREMENTAL /NOLOGO kernel32.lib user32.lib gdi32.lib winspool.lib comdlg32.lib advapi32.lib shell32.lib ole32.lib oleaut32.lib uuid.lib odbc32.lib odbccp32.lib /MANIFEST /ManifestFile:"Debug\Menu_Function.exe.intermediate.manifest" /MANIFESTUAC:"level='asInvoker' uiAccess='false'" /DEBUG /PDB:"C:\Users\Student\Documents\GitHub\MenuFunction\MenuFunction\Debug\Menu_Function.pdb" /SUBSYSTEM:CONSOLE /TLBID:1 /DYNAMICBASE /NXCOMPAT /IMPLIB:"C:\Users\Student\Documents\GitHub\MenuFunction\MenuFunction\Debug\Menu_Function.lib" /MACHINE:X86 Debug\Menu_Function.exe.embed.manifest.res
         Debug\ChoiceMenu.obj
         Debug\main.obj
       Manifest:
         C:\Program Files (x86)\Microsoft SDKs\Windows\v7.0A\bin\mt.exe /nologo /verbose /out:"Debug\Menu_Function.exe.embed.manifest" /manifest Debug\Menu_Function.exe.intermediate.manifest
         All outputs are up-to-date.
       LinkEmbedManifest:
         All outputs are up-to-date.
         Menu_Function.vcxproj -> C:\Users\Student\Documents\GitHub\MenuFunction\MenuFunction\Debug\Menu_Function.exe
       FinalizeBuildStatus:
         Deleting file "Debug\Menu_Function.unsuccessfulbuild".
         Touching "Debug\Menu_Function.lastbuildstate".
     1>Done Building Project "C:\Users\Student\Documents\GitHub\MenuFunction\MenuFunction\Menu_Function\Menu_Function.vcxproj" (build target(s)).

Build succeeded.

Time Elapsed 00:00:00.38
