Build started 6/3/2014 4:52:32 PM.
     1>Project "C:\Users\Jacob\Documents\GitHub\FireEmblem\RPEmblem\RPEmblem.vcxproj" on node 2 (Build target(s)).
     1>ClCompile:
         C:\Program Files (x86)\Microsoft Visual Studio 12.0\VC\bin\CL.exe /c /ZI /nologo /W3 /WX- /sdl /Od /Oy- /D WIN32 /D _DEBUG /D _CONSOLE /D _LIB /D _UNICODE /D UNICODE /Gm /EHsc /RTC1 /MDd /GS /fp:precise /Zc:wchar_t /Zc:forScope /Yu"stdafx.h" /Fp"Debug\RPEmblem.pch" /Fo"Debug\\" /Fd"Debug\vc120.pdb" /Gd /TP /analyze- /errorReport:prompt Grid.cpp RPEmblem.cpp
         Grid.cpp
         Generating Code...
         Compiling...
         RPEmblem.cpp
     1>c:\users\jacob\documents\github\fireemblem\rpemblem\rpemblem.cpp(273): warning C4101: 'oor' : unreferenced local variable
         Generating Code...
       Link:
         C:\Program Files (x86)\Microsoft Visual Studio 12.0\VC\bin\link.exe /ERRORREPORT:PROMPT /OUT:"C:\Users\Jacob\Documents\GitHub\FireEmblem\Debug\RPEmblem.exe" /INCREMENTAL /NOLOGO tinyxml.lib kernel32.lib user32.lib gdi32.lib winspool.lib comdlg32.lib advapi32.lib shell32.lib ole32.lib oleaut32.lib uuid.lib odbc32.lib odbccp32.lib /MANIFEST /MANIFESTUAC:"level='asInvoker' uiAccess='false'" /manifest:embed /DEBUG /PDB:"C:\Users\Jacob\Documents\GitHub\FireEmblem\Debug\RPEmblem.pdb" /SUBSYSTEM:CONSOLE /TLBID:1 /DYNAMICBASE /NXCOMPAT /IMPLIB:"C:\Users\Jacob\Documents\GitHub\FireEmblem\Debug\RPEmblem.lib" /MACHINE:X86 Debug\Grid.obj
         Debug\RPEmblem.obj
         Debug\stdafx.obj
         Debug\VectorLib.obj
         Debug\Weapon.obj
         glut32.lib
         SOIL.lib
         RPEmblem.vcxproj -> C:\Users\Jacob\Documents\GitHub\FireEmblem\Debug\RPEmblem.exe
     1>Done Building Project "C:\Users\Jacob\Documents\GitHub\FireEmblem\RPEmblem\RPEmblem.vcxproj" (Build target(s)).

Build succeeded.

Time Elapsed 00:00:03.22
