Build started 6/3/2014 9:39:54 AM.
     1>Project "C:\Users\Student\Documents\GitHub\House Tile\House_Tile\House_Tile\House_Tile.vcxproj" on node 2 (build target(s)).
       Project file contains ToolsVersion="12.0", which is not supported by this version of MSBuild. Treating the project as if it had ToolsVersion="4.0".
     1>InitializeBuildStatus:
         Creating "Debug\House_Tile.unsuccessfulbuild" because "AlwaysCreate" was specified.
       ClCompile:
         C:\Program Files (x86)\Microsoft Visual Studio 10.0\VC\bin\CL.exe /c /ZI /nologo /W3 /WX- /Od /Oy- /D WIN32 /D _DEBUG /D _CONSOLE /D _UNICODE /D UNICODE /Gm /EHsc /RTC1 /MDd /GS /fp:precise /Zc:wchar_t /Zc:forScope /Fo"Debug\\" /Fd"Debug\vc100.pdb" /Gd /TP /analyze- /errorReport:prompt Tile.cpp main.cpp
         main.cpp
         Tile.cpp
         Generating Code...
       ManifestResourceCompile:
         All outputs are up-to-date.
       Link:
         C:\Program Files (x86)\Microsoft Visual Studio 10.0\VC\bin\link.exe /ERRORREPORT:PROMPT /OUT:"C:\Users\Student\Documents\GitHub\House Tile\House_Tile\Debug\House_Tile.exe" /INCREMENTAL /NOLOGO kernel32.lib user32.lib gdi32.lib winspool.lib comdlg32.lib advapi32.lib shell32.lib ole32.lib oleaut32.lib uuid.lib odbc32.lib odbccp32.lib /MANIFEST /ManifestFile:"Debug\House_Tile.exe.intermediate.manifest" /MANIFESTUAC:"level='asInvoker' uiAccess='false'" /DEBUG /PDB:"C:\Users\Student\Documents\GitHub\House Tile\House_Tile\Debug\House_Tile.pdb" /SUBSYSTEM:CONSOLE /TLBID:1 /DYNAMICBASE /NXCOMPAT /IMPLIB:"C:\Users\Student\Documents\GitHub\House Tile\House_Tile\Debug\House_Tile.lib" /MACHINE:X86 Debug\House_Tile.exe.embed.manifest.res
         Debug\main.obj
         Debug\Tile.obj
       Manifest:
         C:\Program Files (x86)\Microsoft SDKs\Windows\v7.0A\bin\mt.exe /nologo /verbose /out:"Debug\House_Tile.exe.embed.manifest" /manifest Debug\House_Tile.exe.intermediate.manifest
         All outputs are up-to-date.
       LinkEmbedManifest:
         All outputs are up-to-date.
         House_Tile.vcxproj -> C:\Users\Student\Documents\GitHub\House Tile\House_Tile\Debug\House_Tile.exe
       FinalizeBuildStatus:
         Deleting file "Debug\House_Tile.unsuccessfulbuild".
         Touching "Debug\House_Tile.lastbuildstate".
     1>Done Building Project "C:\Users\Student\Documents\GitHub\House Tile\House_Tile\House_Tile\House_Tile.vcxproj" (build target(s)).

Build succeeded.

Time Elapsed 00:00:00.67
